<?xml version="1.0" encoding="UTF-8"?>
<!-- Generated by org.testng.reporters.JUnitReportReporter -->
<testsuite hostname="Madinas-Air" name="com.sqa.ms.util.helpers.math.MultiplicationTests" tests="6" failures="0" timestamp="15 Apr 2016 04:19:25 GMT" time="0.084" errors="0">
  <testcase name="testMultiplication" time="0.028" classname="com.sqa.ms.util.helpers.math.MultiplicationTests"/>
  <testcase name="testMultiplication" time="0.036" classname="com.sqa.ms.util.helpers.math.MultiplicationTests"/>
  <testcase name="testMultiplication" time="0.004" classname="com.sqa.ms.util.helpers.math.MultiplicationTests"/>
  <testcase name="testMultiplication" time="0.006" classname="com.sqa.ms.util.helpers.math.MultiplicationTests"/>
  <testcase name="testMultiplication" time="0.005" classname="com.sqa.ms.util.helpers.math.MultiplicationTests"/>
  <testcase name="testMultiplication" time="0.005" classname="com.sqa.ms.util.helpers.math.MultiplicationTests"/>
</testsuite> <!-- com.sqa.ms.util.helpers.math.MultiplicationTests -->
